**********************
* MERGE PROGRESS LOG *
**********************
[2024-05-21 10:38:00] [INFO]: Starting merge for Project: C:\Users\Ruben Biset\Documents\Automation\LEQUIPE\ITALTECH_1200_V_6_FINAL\IM\HMI\I\0\Context.wrk
[2024-05-21 10:38:00] [INFO]: Setting up Full Project Merge...
[2024-05-21 10:38:00] [WARNING]: Open optional file failed: C:\Users\Ruben Biset\Documents\Automation\LEQUIPE\ITALTECH_1200_V_6_FINAL\IM\HMI\I\0\Context.wrk\system\runtime.rdf
[2024-05-21 10:38:00] [WARNING]: Open optional file failed: C:\Users\Ruben Biset\Documents\Automation\LEQUIPE\ITALTECH_1200_V_6_FINAL\IM\HMI\I\0\Context.wrk\system\persistent.rdf
[2024-05-21 10:38:00] [WARNING]: Open optional file failed: C:\Users\Ruben Biset\Documents\Automation\LEQUIPE\ITALTECH_1200_V_6_FINAL\IM\HMI\I\0\Context.wrk\deltas\265\runtime.rdf
[2024-05-21 10:38:00] [WARNING]: Open optional file failed: C:\Users\Ruben Biset\Documents\Automation\LEQUIPE\ITALTECH_1200_V_6_FINAL\IM\HMI\I\0\Context.wrk\deltas\265\persistent.rdf
[2024-05-21 10:38:00] [INFO]: Number of Jobs to execute: 75
[2024-05-21 10:38:00] [INFO]: Starting Job number 1: MERGE JOB
[2024-05-21 10:38:00] [INFO]: The job was executed succesfully.
[2024-05-21 10:38:00] [INFO]: Starting Job number 2: MERGE JOB
[2024-05-21 10:38:00] [INFO]: The job was executed succesfully.
[2024-05-21 10:38:00] [INFO]: Starting Job number 3: MERGE JOB
[2024-05-21 10:38:00] [INFO]: The job was executed succesfully.
[2024-05-21 10:38:00] [INFO]: Starting Job number 4: MERGE JOB
[2024-05-21 10:38:00] [INFO]: The job was executed succesfully.
[2024-05-21 10:38:00] [INFO]: Starting Job number 5: MERGE JOB
[2024-05-21 10:38:00] [INFO]: The job was executed succesfully.
[2024-05-21 10:38:00] [INFO]: Starting Job number 6: MERGE JOB
[2024-05-21 10:38:00] [INFO]: The job was executed succesfully.
[2024-05-21 10:38:00] [INFO]: Starting Job number 7: MERGE JOB
[2024-05-21 10:38:00] [INFO]: The job was executed succesfully.
[2024-05-21 10:38:00] [INFO]: Starting Job number 8: JOIN JOB
[2024-05-21 10:38:00] [INFO]: The job was executed succesfully.
[2024-05-21 10:38:00] [INFO]: Starting Job number 9: FINALIZE JOB
[2024-05-21 10:38:00] [INFO]: The job was executed succesfully.
[2024-05-21 10:38:00] [INFO]: Starting Job number 10: DELETE JOB
[2024-05-21 10:38:00] [INFO]: The job was executed succesfully.
[2024-05-21 10:38:00] [INFO]: Starting Job number 11: DELETE JOB
[2024-05-21 10:38:00] [INFO]: The job was executed succesfully.
[2024-05-21 10:38:00] [INFO]: Starting Job number 12: DELETE JOB
[2024-05-21 10:38:00] [INFO]: The job was executed succesfully.
[2024-05-21 10:38:00] [INFO]: Starting Job number 13: DELETE JOB
[2024-05-21 10:38:00] [INFO]: The job was executed succesfully.
[2024-05-21 10:38:00] [INFO]: Starting Job number 14: DELETE JOB
[2024-05-21 10:38:00] [INFO]: The job was executed succesfully.
[2024-05-21 10:38:00] [INFO]: Starting Job number 15: DELETE JOB
[2024-05-21 10:38:00] [INFO]: The job was executed succesfully.
[2024-05-21 10:38:00] [INFO]: Starting Job number 16: DELETE JOB
[2024-05-21 10:38:00] [INFO]: The job was executed succesfully.
[2024-05-21 10:38:00] [INFO]: Starting Job number 17: MERGE JOB
[2024-05-21 10:38:00] [INFO]: The job was executed succesfully.
[2024-05-21 10:38:00] [INFO]: Starting Job number 18: MERGE JOB
[2024-05-21 10:38:00] [INFO]: The job was executed succesfully.
[2024-05-21 10:38:00] [INFO]: Starting Job number 19: MERGE JOB
[2024-05-21 10:38:00] [INFO]: The job was executed succesfully.
[2024-05-21 10:38:00] [INFO]: Starting Job number 20: MERGE JOB
[2024-05-21 10:38:00] [INFO]: The job was executed succesfully.
[2024-05-21 10:38:00] [INFO]: Starting Job number 21: JOIN JOB
[2024-05-21 10:38:00] [INFO]: The job was executed succesfully.
[2024-05-21 10:38:00] [INFO]: Starting Job number 22: MERGE JOB
[2024-05-21 10:38:00] [INFO]: The job was executed succesfully.
[2024-05-21 10:38:00] [INFO]: Starting Job number 23: JOIN JOB
[2024-05-21 10:38:01] [INFO]: The job was executed succesfully.
[2024-05-21 10:38:01] [INFO]: Starting Job number 24: MERGE JOB
[2024-05-21 10:38:01] [INFO]: The job was executed succesfully.
[2024-05-21 10:38:01] [INFO]: Starting Job number 25: MERGE JOB
[2024-05-21 10:38:01] [INFO]: The job was executed succesfully.
[2024-05-21 10:38:01] [INFO]: Starting Job number 26: JOIN JOB
[2024-05-21 10:38:01] [INFO]: The job was executed succesfully.
[2024-05-21 10:38:01] [INFO]: Starting Job number 27: MERGE JOB
[2024-05-21 10:38:01] [INFO]: The job was executed succesfully.
[2024-05-21 10:38:01] [INFO]: Starting Job number 28: JOIN JOB
[2024-05-21 10:38:01] [INFO]: The job was executed succesfully.
[2024-05-21 10:38:01] [INFO]: Starting Job number 29: MERGE JOB
[2024-05-21 10:38:01] [INFO]: The job was executed succesfully.
[2024-05-21 10:38:01] [INFO]: Starting Job number 30: MERGE JOB
[2024-05-21 10:38:01] [INFO]: The job was executed succesfully.
[2024-05-21 10:38:01] [INFO]: Starting Job number 31: JOIN JOB
[2024-05-21 10:38:01] [INFO]: The job was executed succesfully.
[2024-05-21 10:38:01] [INFO]: Starting Job number 32: MERGE JOB
[2024-05-21 10:38:01] [INFO]: The job was executed succesfully.
[2024-05-21 10:38:01] [INFO]: Starting Job number 33: JOIN JOB
[2024-05-21 10:38:01] [INFO]: The job was executed succesfully.
[2024-05-21 10:38:01] [INFO]: Starting Job number 34: MERGE JOB
[2024-05-21 10:38:01] [INFO]: The job was executed succesfully.
[2024-05-21 10:38:01] [INFO]: Starting Job number 35: MERGE JOB
[2024-05-21 10:38:01] [INFO]: The job was executed succesfully.
[2024-05-21 10:38:01] [INFO]: Starting Job number 36: JOIN JOB
[2024-05-21 10:38:01] [INFO]: The job was executed succesfully.
[2024-05-21 10:38:01] [INFO]: Starting Job number 37: MERGE JOB
[2024-05-21 10:38:01] [INFO]: The job was executed succesfully.
[2024-05-21 10:38:01] [INFO]: Starting Job number 38: JOIN JOB
[2024-05-21 10:38:01] [INFO]: The job was executed succesfully.
[2024-05-21 10:38:01] [INFO]: Starting Job number 39: MERGE JOB
[2024-05-21 10:38:01] [INFO]: The job was executed succesfully.
[2024-05-21 10:38:01] [INFO]: Starting Job number 40: JOIN JOB
[2024-05-21 10:38:01] [INFO]: The job was executed succesfully.
[2024-05-21 10:38:01] [INFO]: Starting Job number 41: MERGE JOB
[2024-05-21 10:38:01] [INFO]: The job was executed succesfully.
[2024-05-21 10:38:01] [INFO]: Starting Job number 42: MERGE JOB
[2024-05-21 10:38:01] [INFO]: The job was executed succesfully.
[2024-05-21 10:38:01] [INFO]: Starting Job number 43: JOIN JOB
[2024-05-21 10:38:01] [INFO]: The job was executed succesfully.
[2024-05-21 10:38:01] [INFO]: Starting Job number 44: MERGE JOB
[2024-05-21 10:38:01] [INFO]: The job was executed succesfully.
[2024-05-21 10:38:01] [INFO]: Starting Job number 45: JOIN JOB
[2024-05-21 10:38:01] [INFO]: The job was executed succesfully.
[2024-05-21 10:38:01] [INFO]: Starting Job number 46: FINALIZE JOB
[2024-05-21 10:38:01] [INFO]: The job was executed succesfully.
[2024-05-21 10:38:01] [INFO]: Starting Job number 47: DELETE JOB
[2024-05-21 10:38:01] [INFO]: The job was executed succesfully.
[2024-05-21 10:38:01] [INFO]: Starting Job number 48: DELETE JOB
[2024-05-21 10:38:01] [INFO]: The job was executed succesfully.
[2024-05-21 10:38:01] [INFO]: Starting Job number 49: FINALIZE JOB
[2024-05-21 10:38:01] [INFO]: The job was executed succesfully.
[2024-05-21 10:38:01] [INFO]: Starting Job number 50: DELETE JOB
[2024-05-21 10:38:01] [INFO]: The job was executed succesfully.
[2024-05-21 10:38:01] [INFO]: Starting Job number 51: DELETE JOB
[2024-05-21 10:38:01] [INFO]: The job was executed succesfully.
[2024-05-21 10:38:01] [INFO]: Starting Job number 52: FINALIZE JOB
[2024-05-21 10:38:01] [INFO]: The job was executed succesfully.
[2024-05-21 10:38:01] [INFO]: Starting Job number 53: DELETE JOB
[2024-05-21 10:38:01] [INFO]: The job was executed succesfully.
[2024-05-21 10:38:01] [INFO]: Starting Job number 54: FINALIZE JOB
[2024-05-21 10:38:01] [INFO]: The job was executed succesfully.
[2024-05-21 10:38:01] [INFO]: Starting Job number 55: DELETE JOB
[2024-05-21 10:38:01] [INFO]: The job was executed succesfully.
[2024-05-21 10:38:01] [INFO]: Starting Job number 56: DELETE JOB
[2024-05-21 10:38:01] [INFO]: The job was executed succesfully.
[2024-05-21 10:38:01] [INFO]: Starting Job number 57: FINALIZE JOB
[2024-05-21 10:38:01] [INFO]: The job was executed succesfully.
[2024-05-21 10:38:01] [INFO]: Starting Job number 58: DELETE JOB
[2024-05-21 10:38:01] [INFO]: The job was executed succesfully.
[2024-05-21 10:38:01] [INFO]: Starting Job number 59: FINALIZE JOB
[2024-05-21 10:38:01] [INFO]: The job was executed succesfully.
[2024-05-21 10:38:01] [INFO]: Starting Job number 60: DELETE JOB
[2024-05-21 10:38:01] [INFO]: The job was executed succesfully.
[2024-05-21 10:38:01] [INFO]: Starting Job number 61: DELETE JOB
[2024-05-21 10:38:01] [INFO]: The job was executed succesfully.
[2024-05-21 10:38:01] [INFO]: Starting Job number 62: FINALIZE JOB
[2024-05-21 10:38:01] [INFO]: The job was executed succesfully.
[2024-05-21 10:38:01] [INFO]: Starting Job number 63: DELETE JOB
[2024-05-21 10:38:01] [INFO]: The job was executed succesfully.
[2024-05-21 10:38:01] [INFO]: Starting Job number 64: FINALIZE JOB
[2024-05-21 10:38:01] [INFO]: The job was executed succesfully.
[2024-05-21 10:38:01] [INFO]: Starting Job number 65: DELETE JOB
[2024-05-21 10:38:01] [INFO]: The job was executed succesfully.
[2024-05-21 10:38:01] [INFO]: Starting Job number 66: DELETE JOB
[2024-05-21 10:38:01] [INFO]: The job was executed succesfully.
[2024-05-21 10:38:01] [INFO]: Starting Job number 67: FINALIZE JOB
[2024-05-21 10:38:01] [INFO]: The job was executed succesfully.
[2024-05-21 10:38:01] [INFO]: Starting Job number 68: DELETE JOB
[2024-05-21 10:38:01] [INFO]: The job was executed succesfully.
[2024-05-21 10:38:01] [INFO]: Starting Job number 69: FINALIZE JOB
[2024-05-21 10:38:01] [INFO]: The job was executed succesfully.
[2024-05-21 10:38:01] [INFO]: Starting Job number 70: DELETE JOB
[2024-05-21 10:38:01] [INFO]: The job was executed succesfully.
[2024-05-21 10:38:01] [INFO]: Starting Job number 71: DELETE JOB
[2024-05-21 10:38:01] [INFO]: The job was executed succesfully.
[2024-05-21 10:38:01] [INFO]: Starting Job number 72: DELETE JOB
[2024-05-21 10:38:01] [INFO]: The job was executed succesfully.
[2024-05-21 10:38:01] [INFO]: Starting Job number 73: DELETE JOB
[2024-05-21 10:38:01] [INFO]: The job was executed succesfully.
[2024-05-21 10:38:01] [INFO]: Starting Job number 74: FINALIZE JOB
[2024-05-21 10:38:01] [INFO]: The job was executed succesfully.
[2024-05-21 10:38:01] [INFO]: Starting Job number 75: DELETE JOB
[2024-05-21 10:38:01] [INFO]: The job was executed succesfully.
[2024-05-21 10:38:01] [INFO]: DONE! Merge succeeded
