**********************
* MERGE PROGRESS LOG *
**********************
[2024-01-09 10:47:33] [INFO]: Starting merge for Project: C:\Users\DeLaCruyff\Documents\Automation\ITALTECH_1200_V19_1\IM\HMI\I\0\Context.wrk
[2024-01-09 10:47:33] [INFO]: Setting up Full Project Merge...
[2024-01-09 10:47:33] [WARNING]: Open optional file failed: C:\Users\DeLaCruyff\Documents\Automation\ITALTECH_1200_V19_1\IM\HMI\I\0\Context.wrk\system\runtime.rdf
[2024-01-09 10:47:33] [WARNING]: Open optional file failed: C:\Users\DeLaCruyff\Documents\Automation\ITALTECH_1200_V19_1\IM\HMI\I\0\Context.wrk\system\persistent.rdf
[2024-01-09 10:47:33] [WARNING]: Open optional file failed: C:\Users\DeLaCruyff\Documents\Automation\ITALTECH_1200_V19_1\IM\HMI\I\0\Context.wrk\deltas\3\runtime.rdf
[2024-01-09 10:47:33] [WARNING]: Open optional file failed: C:\Users\DeLaCruyff\Documents\Automation\ITALTECH_1200_V19_1\IM\HMI\I\0\Context.wrk\deltas\3\persistent.rdf
[2024-01-09 10:47:34] [INFO]: Number of Jobs to execute: 29
[2024-01-09 10:47:34] [INFO]: Starting Job number 1: MERGE JOB
[2024-01-09 10:47:34] [INFO]: The job was executed succesfully.
[2024-01-09 10:47:34] [INFO]: Starting Job number 2: MERGE JOB
[2024-01-09 10:47:34] [INFO]: The job was executed succesfully.
[2024-01-09 10:47:34] [INFO]: Starting Job number 3: MERGE JOB
[2024-01-09 10:47:34] [INFO]: The job was executed succesfully.
[2024-01-09 10:47:34] [INFO]: Starting Job number 4: MERGE JOB
[2024-01-09 10:47:34] [INFO]: The job was executed succesfully.
[2024-01-09 10:47:34] [INFO]: Starting Job number 5: JOIN JOB
[2024-01-09 10:47:34] [INFO]: The job was executed succesfully.
[2024-01-09 10:47:34] [INFO]: Starting Job number 6: MERGE JOB
[2024-01-09 10:47:34] [INFO]: The job was executed succesfully.
[2024-01-09 10:47:34] [INFO]: Starting Job number 7: JOIN JOB
[2024-01-09 10:47:34] [INFO]: The job was executed succesfully.
[2024-01-09 10:47:34] [INFO]: Starting Job number 8: MERGE JOB
[2024-01-09 10:47:34] [INFO]: The job was executed succesfully.
[2024-01-09 10:47:34] [INFO]: Starting Job number 9: JOIN JOB
[2024-01-09 10:47:34] [INFO]: The job was executed succesfully.
[2024-01-09 10:47:34] [INFO]: Starting Job number 10: MERGE JOB
[2024-01-09 10:47:34] [INFO]: The job was executed succesfully.
[2024-01-09 10:47:34] [INFO]: Starting Job number 11: MERGE JOB
[2024-01-09 10:47:34] [INFO]: The job was executed succesfully.
[2024-01-09 10:47:34] [INFO]: Starting Job number 12: JOIN JOB
[2024-01-09 10:47:34] [INFO]: The job was executed succesfully.
[2024-01-09 10:47:34] [INFO]: Starting Job number 13: MERGE JOB
[2024-01-09 10:47:34] [INFO]: The job was executed succesfully.
[2024-01-09 10:47:34] [INFO]: Starting Job number 14: JOIN JOB
[2024-01-09 10:47:34] [INFO]: The job was executed succesfully.
[2024-01-09 10:47:34] [INFO]: Starting Job number 15: FINALIZE JOB
[2024-01-09 10:47:34] [INFO]: The job was executed succesfully.
[2024-01-09 10:47:34] [INFO]: Starting Job number 16: DELETE JOB
[2024-01-09 10:47:34] [INFO]: The job was executed succesfully.
[2024-01-09 10:47:34] [INFO]: Starting Job number 17: DELETE JOB
[2024-01-09 10:47:34] [INFO]: The job was executed succesfully.
[2024-01-09 10:47:34] [INFO]: Starting Job number 18: FINALIZE JOB
[2024-01-09 10:47:34] [INFO]: The job was executed succesfully.
[2024-01-09 10:47:34] [INFO]: Starting Job number 19: DELETE JOB
[2024-01-09 10:47:34] [INFO]: The job was executed succesfully.
[2024-01-09 10:47:34] [INFO]: Starting Job number 20: DELETE JOB
[2024-01-09 10:47:34] [INFO]: The job was executed succesfully.
[2024-01-09 10:47:34] [INFO]: Starting Job number 21: FINALIZE JOB
[2024-01-09 10:47:34] [INFO]: The job was executed succesfully.
[2024-01-09 10:47:34] [INFO]: Starting Job number 22: DELETE JOB
[2024-01-09 10:47:34] [INFO]: The job was executed succesfully.
[2024-01-09 10:47:34] [INFO]: Starting Job number 23: FINALIZE JOB
[2024-01-09 10:47:34] [INFO]: The job was executed succesfully.
[2024-01-09 10:47:34] [INFO]: Starting Job number 24: DELETE JOB
[2024-01-09 10:47:34] [INFO]: The job was executed succesfully.
[2024-01-09 10:47:34] [INFO]: Starting Job number 25: DELETE JOB
[2024-01-09 10:47:34] [INFO]: The job was executed succesfully.
[2024-01-09 10:47:34] [INFO]: Starting Job number 26: DELETE JOB
[2024-01-09 10:47:34] [INFO]: The job was executed succesfully.
[2024-01-09 10:47:34] [INFO]: Starting Job number 27: DELETE JOB
[2024-01-09 10:47:34] [INFO]: The job was executed succesfully.
[2024-01-09 10:47:34] [INFO]: Starting Job number 28: FINALIZE JOB
[2024-01-09 10:47:34] [INFO]: The job was executed succesfully.
[2024-01-09 10:47:34] [INFO]: Starting Job number 29: DELETE JOB
[2024-01-09 10:47:34] [INFO]: The job was executed succesfully.
[2024-01-09 10:47:34] [INFO]: DONE! Merge succeeded
