**********************
* MERGE PROGRESS LOG *
**********************
[2024-04-30 15:42:30] [INFO]: Starting merge for Project: C:\Users\DeLaCruyff\Documents\Automation\OPC\OPCUA UNIFIED\Proyecto_Palmac\IM\HMI\I\0\Context.wrk
[2024-04-30 15:42:30] [INFO]: Setting up Full Project Merge...
[2024-04-30 15:42:30] [WARNING]: Open optional file failed: C:\Users\DeLaCruyff\Documents\Automation\OPC\OPCUA UNIFIED\Proyecto_Palmac\IM\HMI\I\0\Context.wrk\system\runtime.rdf
[2024-04-30 15:42:30] [WARNING]: Open optional file failed: C:\Users\DeLaCruyff\Documents\Automation\OPC\OPCUA UNIFIED\Proyecto_Palmac\IM\HMI\I\0\Context.wrk\system\persistent.rdf
[2024-04-30 15:42:30] [WARNING]: Open optional file failed: C:\Users\DeLaCruyff\Documents\Automation\OPC\OPCUA UNIFIED\Proyecto_Palmac\IM\HMI\I\0\Context.wrk\deltas\26\runtime.rdf
[2024-04-30 15:42:30] [WARNING]: Open optional file failed: C:\Users\DeLaCruyff\Documents\Automation\OPC\OPCUA UNIFIED\Proyecto_Palmac\IM\HMI\I\0\Context.wrk\deltas\26\persistent.rdf
[2024-04-30 15:42:30] [INFO]: Number of Jobs to execute: 53
[2024-04-30 15:42:30] [INFO]: Starting Job number 1: MERGE JOB
[2024-04-30 15:42:30] [INFO]: The job was executed succesfully.
[2024-04-30 15:42:30] [INFO]: Starting Job number 2: MERGE JOB
[2024-04-30 15:42:30] [INFO]: The job was executed succesfully.
[2024-04-30 15:42:30] [INFO]: Starting Job number 3: MERGE JOB
[2024-04-30 15:42:30] [INFO]: The job was executed succesfully.
[2024-04-30 15:42:30] [INFO]: Starting Job number 4: MERGE JOB
[2024-04-30 15:42:30] [INFO]: The job was executed succesfully.
[2024-04-30 15:42:30] [INFO]: Starting Job number 5: MERGE JOB
[2024-04-30 15:42:30] [INFO]: The job was executed succesfully.
[2024-04-30 15:42:30] [INFO]: Starting Job number 6: MERGE JOB
[2024-04-30 15:42:30] [INFO]: The job was executed succesfully.
[2024-04-30 15:42:30] [INFO]: Starting Job number 7: JOIN JOB
[2024-04-30 15:42:30] [INFO]: The job was executed succesfully.
[2024-04-30 15:42:30] [INFO]: Starting Job number 8: FINALIZE JOB
[2024-04-30 15:42:30] [INFO]: The job was executed succesfully.
[2024-04-30 15:42:30] [INFO]: Starting Job number 9: DELETE JOB
[2024-04-30 15:42:30] [INFO]: The job was executed succesfully.
[2024-04-30 15:42:30] [INFO]: Starting Job number 10: DELETE JOB
[2024-04-30 15:42:30] [INFO]: The job was executed succesfully.
[2024-04-30 15:42:30] [INFO]: Starting Job number 11: DELETE JOB
[2024-04-30 15:42:30] [INFO]: The job was executed succesfully.
[2024-04-30 15:42:30] [INFO]: Starting Job number 12: DELETE JOB
[2024-04-30 15:42:30] [INFO]: The job was executed succesfully.
[2024-04-30 15:42:30] [INFO]: Starting Job number 13: DELETE JOB
[2024-04-30 15:42:30] [INFO]: The job was executed succesfully.
[2024-04-30 15:42:30] [INFO]: Starting Job number 14: DELETE JOB
[2024-04-30 15:42:30] [INFO]: The job was executed succesfully.
[2024-04-30 15:42:30] [INFO]: Starting Job number 15: MERGE JOB
[2024-04-30 15:42:30] [INFO]: The job was executed succesfully.
[2024-04-30 15:42:30] [INFO]: Starting Job number 16: MERGE JOB
[2024-04-30 15:42:30] [INFO]: The job was executed succesfully.
[2024-04-30 15:42:30] [INFO]: Starting Job number 17: MERGE JOB
[2024-04-30 15:42:30] [INFO]: The job was executed succesfully.
[2024-04-30 15:42:30] [INFO]: Starting Job number 18: JOIN JOB
[2024-04-30 15:42:30] [INFO]: The job was executed succesfully.
[2024-04-30 15:42:30] [INFO]: Starting Job number 19: MERGE JOB
[2024-04-30 15:42:30] [INFO]: The job was executed succesfully.
[2024-04-30 15:42:30] [INFO]: Starting Job number 20: JOIN JOB
[2024-04-30 15:42:30] [INFO]: The job was executed succesfully.
[2024-04-30 15:42:30] [INFO]: Starting Job number 21: MERGE JOB
[2024-04-30 15:42:30] [INFO]: The job was executed succesfully.
[2024-04-30 15:42:30] [INFO]: Starting Job number 22: JOIN JOB
[2024-04-30 15:42:30] [INFO]: The job was executed succesfully.
[2024-04-30 15:42:30] [INFO]: Starting Job number 23: MERGE JOB
[2024-04-30 15:42:30] [INFO]: The job was executed succesfully.
[2024-04-30 15:42:30] [INFO]: Starting Job number 24: JOIN JOB
[2024-04-30 15:42:30] [INFO]: The job was executed succesfully.
[2024-04-30 15:42:30] [INFO]: Starting Job number 25: MERGE JOB
[2024-04-30 15:42:30] [INFO]: The job was executed succesfully.
[2024-04-30 15:42:30] [INFO]: Starting Job number 26: JOIN JOB
[2024-04-30 15:42:30] [INFO]: The job was executed succesfully.
[2024-04-30 15:42:30] [INFO]: Starting Job number 27: MERGE JOB
[2024-04-30 15:42:30] [INFO]: The job was executed succesfully.
[2024-04-30 15:42:30] [INFO]: Starting Job number 28: MERGE JOB
[2024-04-30 15:42:30] [INFO]: The job was executed succesfully.
[2024-04-30 15:42:30] [INFO]: Starting Job number 29: JOIN JOB
[2024-04-30 15:42:30] [INFO]: The job was executed succesfully.
[2024-04-30 15:42:30] [INFO]: Starting Job number 30: MERGE ADD JOB
[2024-04-30 15:42:30] [INFO]: The job was executed succesfully.
[2024-04-30 15:42:30] [INFO]: Starting Job number 31: MERGE ADD JOB
[2024-04-30 15:42:30] [INFO]: The job was executed succesfully.
[2024-04-30 15:42:30] [INFO]: Starting Job number 32: MERGE JOB
[2024-04-30 15:42:30] [INFO]: The job was executed succesfully.
[2024-04-30 15:42:30] [INFO]: Starting Job number 33: MERGE JOB
[2024-04-30 15:42:30] [INFO]: The job was executed succesfully.
[2024-04-30 15:42:30] [INFO]: Starting Job number 34: JOIN JOB
[2024-04-30 15:42:30] [INFO]: The job was executed succesfully.
[2024-04-30 15:42:30] [INFO]: Starting Job number 35: FINALIZE JOB
[2024-04-30 15:42:30] [INFO]: The job was executed succesfully.
[2024-04-30 15:42:30] [INFO]: Starting Job number 36: DELETE JOB
[2024-04-30 15:42:30] [INFO]: The job was executed succesfully.
[2024-04-30 15:42:30] [INFO]: Starting Job number 37: DELETE JOB
[2024-04-30 15:42:30] [INFO]: The job was executed succesfully.
[2024-04-30 15:42:30] [INFO]: Starting Job number 38: FINALIZE JOB
[2024-04-30 15:42:30] [INFO]: The job was executed succesfully.
[2024-04-30 15:42:30] [INFO]: Starting Job number 39: DELETE JOB
[2024-04-30 15:42:30] [INFO]: The job was executed succesfully.
[2024-04-30 15:42:30] [INFO]: Starting Job number 40: FINALIZE JOB
[2024-04-30 15:42:30] [INFO]: The job was executed succesfully.
[2024-04-30 15:42:30] [INFO]: Starting Job number 41: FINALIZE JOB
[2024-04-30 15:42:30] [INFO]: The job was executed succesfully.
[2024-04-30 15:42:30] [INFO]: Starting Job number 42: DELETE JOB
[2024-04-30 15:42:30] [INFO]: The job was executed succesfully.
[2024-04-30 15:42:30] [INFO]: Starting Job number 43: DELETE JOB
[2024-04-30 15:42:30] [INFO]: The job was executed succesfully.
[2024-04-30 15:42:30] [INFO]: Starting Job number 44: DELETE JOB
[2024-04-30 15:42:30] [INFO]: The job was executed succesfully.
[2024-04-30 15:42:30] [INFO]: Starting Job number 45: DELETE JOB
[2024-04-30 15:42:30] [INFO]: The job was executed succesfully.
[2024-04-30 15:42:30] [INFO]: Starting Job number 46: FINALIZE JOB
[2024-04-30 15:42:30] [INFO]: The job was executed succesfully.
[2024-04-30 15:42:30] [INFO]: Starting Job number 47: DELETE JOB
[2024-04-30 15:42:30] [INFO]: The job was executed succesfully.
[2024-04-30 15:42:30] [INFO]: Starting Job number 48: FINALIZE JOB
[2024-04-30 15:42:30] [INFO]: The job was executed succesfully.
[2024-04-30 15:42:30] [INFO]: Starting Job number 49: DELETE JOB
[2024-04-30 15:42:30] [INFO]: The job was executed succesfully.
[2024-04-30 15:42:30] [INFO]: Starting Job number 50: DELETE JOB
[2024-04-30 15:42:30] [INFO]: The job was executed succesfully.
[2024-04-30 15:42:30] [INFO]: Starting Job number 51: DELETE JOB
[2024-04-30 15:42:30] [INFO]: The job was executed succesfully.
[2024-04-30 15:42:30] [INFO]: Starting Job number 52: FINALIZE JOB
[2024-04-30 15:42:30] [INFO]: The job was executed succesfully.
[2024-04-30 15:42:30] [INFO]: Starting Job number 53: DELETE JOB
[2024-04-30 15:42:30] [INFO]: The job was executed succesfully.
[2024-04-30 15:42:30] [INFO]: DONE! Merge succeeded
