**********************
* MERGE PROGRESS LOG *
**********************
[2024-02-06 14:19:24] [INFO]: Starting merge for Project: C:\Users\DeLaCruyff\Documents\Automation\Comfort\Project3\IM\HMI\I\0\Context.wrk
[2024-02-06 14:19:24] [INFO]: Setting up Full Project Merge...
[2024-02-06 14:19:24] [WARNING]: Open optional file failed: C:\Users\DeLaCruyff\Documents\Automation\Comfort\Project3\IM\HMI\I\0\Context.wrk\system\runtime.rdf
[2024-02-06 14:19:24] [WARNING]: Open optional file failed: C:\Users\DeLaCruyff\Documents\Automation\Comfort\Project3\IM\HMI\I\0\Context.wrk\system\persistent.rdf
[2024-02-06 14:19:24] [WARNING]: Open optional file failed: C:\Users\DeLaCruyff\Documents\Automation\Comfort\Project3\IM\HMI\I\0\Context.wrk\deltas\22\runtime.rdf
[2024-02-06 14:19:24] [WARNING]: Open optional file failed: C:\Users\DeLaCruyff\Documents\Automation\Comfort\Project3\IM\HMI\I\0\Context.wrk\deltas\22\persistent.rdf
[2024-02-06 14:19:24] [INFO]: Number of Jobs to execute: 43
[2024-02-06 14:19:24] [INFO]: Starting Job number 1: DELETE RESOURCE JOB
[2024-02-06 14:19:24] [INFO]: The job was executed succesfully.
[2024-02-06 14:19:24] [INFO]: Starting Job number 2: DELETE RESOURCE JOB
[2024-02-06 14:19:24] [INFO]: The job was executed succesfully.
[2024-02-06 14:19:24] [INFO]: Starting Job number 3: DELETE RESOURCE JOB
[2024-02-06 14:19:24] [INFO]: The job was executed succesfully.
[2024-02-06 14:19:24] [INFO]: Starting Job number 4: DELETE RESOURCE JOB
[2024-02-06 14:19:24] [INFO]: The job was executed succesfully.
[2024-02-06 14:19:24] [INFO]: Starting Job number 5: MERGE JOB
[2024-02-06 14:19:24] [INFO]: The job was executed succesfully.
[2024-02-06 14:19:24] [INFO]: Starting Job number 6: MERGE JOB
[2024-02-06 14:19:24] [INFO]: The job was executed succesfully.
[2024-02-06 14:19:24] [INFO]: Starting Job number 7: MERGE JOB
[2024-02-06 14:19:24] [INFO]: The job was executed succesfully.
[2024-02-06 14:19:24] [INFO]: Starting Job number 8: JOIN JOB
[2024-02-06 14:19:24] [INFO]: The job was executed succesfully.
[2024-02-06 14:19:24] [INFO]: Starting Job number 9: MERGE JOB
[2024-02-06 14:19:24] [INFO]: The job was executed succesfully.
[2024-02-06 14:19:24] [INFO]: Starting Job number 10: JOIN JOB
[2024-02-06 14:19:24] [INFO]: The job was executed succesfully.
[2024-02-06 14:19:24] [INFO]: Starting Job number 11: MERGE JOB
[2024-02-06 14:19:24] [INFO]: The job was executed succesfully.
[2024-02-06 14:19:24] [INFO]: Starting Job number 12: MERGE JOB
[2024-02-06 14:19:24] [INFO]: The job was executed succesfully.
[2024-02-06 14:19:24] [INFO]: Starting Job number 13: JOIN JOB
[2024-02-06 14:19:24] [INFO]: The job was executed succesfully.
[2024-02-06 14:19:24] [INFO]: Starting Job number 14: MERGE JOB
[2024-02-06 14:19:24] [INFO]: The job was executed succesfully.
[2024-02-06 14:19:24] [INFO]: Starting Job number 15: MERGE JOB
[2024-02-06 14:19:24] [INFO]: The job was executed succesfully.
[2024-02-06 14:19:24] [INFO]: Starting Job number 16: JOIN JOB
[2024-02-06 14:19:24] [INFO]: The job was executed succesfully.
[2024-02-06 14:19:24] [INFO]: Starting Job number 17: MERGE JOB
[2024-02-06 14:19:24] [INFO]: The job was executed succesfully.
[2024-02-06 14:19:24] [INFO]: Starting Job number 18: JOIN JOB
[2024-02-06 14:19:24] [INFO]: The job was executed succesfully.
[2024-02-06 14:19:24] [INFO]: Starting Job number 19: MERGE JOB
[2024-02-06 14:19:24] [INFO]: The job was executed succesfully.
[2024-02-06 14:19:24] [INFO]: Starting Job number 20: MERGE JOB
[2024-02-06 14:19:24] [INFO]: The job was executed succesfully.
[2024-02-06 14:19:24] [INFO]: Starting Job number 21: JOIN JOB
[2024-02-06 14:19:24] [INFO]: The job was executed succesfully.
[2024-02-06 14:19:24] [INFO]: Starting Job number 22: MERGE JOB
[2024-02-06 14:19:24] [INFO]: The job was executed succesfully.
[2024-02-06 14:19:24] [INFO]: Starting Job number 23: JOIN JOB
[2024-02-06 14:19:24] [INFO]: The job was executed succesfully.
[2024-02-06 14:19:24] [INFO]: Starting Job number 24: FINALIZE JOB
[2024-02-06 14:19:24] [INFO]: The job was executed succesfully.
[2024-02-06 14:19:24] [INFO]: Starting Job number 25: DELETE JOB
[2024-02-06 14:19:24] [INFO]: The job was executed succesfully.
[2024-02-06 14:19:24] [INFO]: Starting Job number 26: DELETE JOB
[2024-02-06 14:19:24] [INFO]: The job was executed succesfully.
[2024-02-06 14:19:24] [INFO]: Starting Job number 27: FINALIZE JOB
[2024-02-06 14:19:24] [INFO]: The job was executed succesfully.
[2024-02-06 14:19:24] [INFO]: Starting Job number 28: DELETE JOB
[2024-02-06 14:19:24] [INFO]: The job was executed succesfully.
[2024-02-06 14:19:24] [INFO]: Starting Job number 29: DELETE JOB
[2024-02-06 14:19:24] [INFO]: The job was executed succesfully.
[2024-02-06 14:19:24] [INFO]: Starting Job number 30: FINALIZE JOB
[2024-02-06 14:19:24] [INFO]: The job was executed succesfully.
[2024-02-06 14:19:24] [INFO]: Starting Job number 31: DELETE JOB
[2024-02-06 14:19:24] [INFO]: The job was executed succesfully.
[2024-02-06 14:19:24] [INFO]: Starting Job number 32: DELETE JOB
[2024-02-06 14:19:24] [INFO]: The job was executed succesfully.
[2024-02-06 14:19:24] [INFO]: Starting Job number 33: FINALIZE JOB
[2024-02-06 14:19:24] [INFO]: The job was executed succesfully.
[2024-02-06 14:19:24] [INFO]: Starting Job number 34: DELETE JOB
[2024-02-06 14:19:24] [INFO]: The job was executed succesfully.
[2024-02-06 14:19:24] [INFO]: Starting Job number 35: DELETE JOB
[2024-02-06 14:19:24] [INFO]: The job was executed succesfully.
[2024-02-06 14:19:24] [INFO]: Starting Job number 36: FINALIZE JOB
[2024-02-06 14:19:24] [INFO]: The job was executed succesfully.
[2024-02-06 14:19:24] [INFO]: Starting Job number 37: DELETE JOB
[2024-02-06 14:19:24] [INFO]: The job was executed succesfully.
[2024-02-06 14:19:24] [INFO]: Starting Job number 38: FINALIZE JOB
[2024-02-06 14:19:24] [INFO]: The job was executed succesfully.
[2024-02-06 14:19:24] [INFO]: Starting Job number 39: DELETE JOB
[2024-02-06 14:19:24] [INFO]: The job was executed succesfully.
[2024-02-06 14:19:24] [INFO]: Starting Job number 40: DELETE JOB
[2024-02-06 14:19:24] [INFO]: The job was executed succesfully.
[2024-02-06 14:19:24] [INFO]: Starting Job number 41: DELETE JOB
[2024-02-06 14:19:24] [INFO]: The job was executed succesfully.
[2024-02-06 14:19:24] [INFO]: Starting Job number 42: FINALIZE JOB
[2024-02-06 14:19:24] [INFO]: The job was executed succesfully.
[2024-02-06 14:19:24] [INFO]: Starting Job number 43: DELETE JOB
[2024-02-06 14:19:24] [INFO]: The job was executed succesfully.
[2024-02-06 14:19:24] [INFO]: DONE! Merge succeeded
