**********************
* MERGE PROGRESS LOG *
**********************
[09:51:30] [INFO]: Starting merge for Project: C:\Users\DeLaCruyff\Documents\Automation\ITALTECH_1200_V_4_FINAL\IM\HMI\I\0\Context.wrk
[09:51:30] [INFO]: Setting up Full Project Merge...
[09:51:30] [WARNING]: Open optional file failed: C:\Users\DeLaCruyff\Documents\Automation\ITALTECH_1200_V_4_FINAL\IM\HMI\I\0\Context.wrk\system\runtime.rdf
[09:51:30] [WARNING]: Open optional file failed: C:\Users\DeLaCruyff\Documents\Automation\ITALTECH_1200_V_4_FINAL\IM\HMI\I\0\Context.wrk\system\persistent.rdf
[09:51:30] [WARNING]: Open optional file failed: C:\Users\DeLaCruyff\Documents\Automation\ITALTECH_1200_V_4_FINAL\IM\HMI\I\0\Context.wrk\deltas\4\runtime.rdf
[09:51:30] [WARNING]: Open optional file failed: C:\Users\DeLaCruyff\Documents\Automation\ITALTECH_1200_V_4_FINAL\IM\HMI\I\0\Context.wrk\deltas\4\persistent.rdf
[09:51:30] [INFO]: Number of Jobs to execute: 61
[09:51:30] [INFO]: Starting Job number 1: MOVE RESOURCES JOB
[09:51:30] [INFO]: The job was executed succesfully.
[09:51:30] [INFO]: Starting Job number 2: MOVE RESOURCES JOB
[09:51:30] [INFO]: The job was executed succesfully.
[09:51:30] [INFO]: Starting Job number 3: MERGE JOB
[09:51:30] [INFO]: The job was executed succesfully.
[09:51:30] [INFO]: Starting Job number 4: MERGE JOB
[09:51:30] [INFO]: The job was executed succesfully.
[09:51:30] [INFO]: Starting Job number 5: MERGE JOB
[09:51:30] [INFO]: The job was executed succesfully.
[09:51:30] [INFO]: Starting Job number 6: MERGE JOB
[09:51:30] [INFO]: The job was executed succesfully.
[09:51:30] [INFO]: Starting Job number 7: JOIN JOB
[09:51:30] [INFO]: The job was executed succesfully.
[09:51:30] [INFO]: Starting Job number 8: MERGE JOB
[09:51:30] [INFO]: The job was executed succesfully.
[09:51:30] [INFO]: Starting Job number 9: JOIN JOB
[09:51:30] [INFO]: The job was executed succesfully.
[09:51:30] [INFO]: Starting Job number 10: MERGE JOB
[09:51:30] [INFO]: The job was executed succesfully.
[09:51:30] [INFO]: Starting Job number 11: MERGE JOB
[09:51:30] [INFO]: The job was executed succesfully.
[09:51:30] [INFO]: Starting Job number 12: JOIN JOB
[09:51:30] [INFO]: The job was executed succesfully.
[09:51:30] [INFO]: Starting Job number 13: MERGE JOB
[09:51:30] [INFO]: The job was executed succesfully.
[09:51:30] [INFO]: Starting Job number 14: JOIN JOB
[09:51:30] [INFO]: The job was executed succesfully.
[09:51:30] [INFO]: Starting Job number 15: MERGE JOB
[09:51:30] [INFO]: The job was executed succesfully.
[09:51:30] [INFO]: Starting Job number 16: MERGE JOB
[09:51:30] [INFO]: The job was executed succesfully.
[09:51:30] [INFO]: Starting Job number 17: JOIN JOB
[09:51:30] [INFO]: The job was executed succesfully.
[09:51:30] [INFO]: Starting Job number 18: MERGE JOB
[09:51:30] [INFO]: The job was executed succesfully.
[09:51:30] [INFO]: Starting Job number 19: JOIN JOB
[09:51:30] [INFO]: The job was executed succesfully.
[09:51:30] [INFO]: Starting Job number 20: MERGE JOB
[09:51:30] [INFO]: The job was executed succesfully.
[09:51:30] [INFO]: Starting Job number 21: MERGE JOB
[09:51:30] [INFO]: The job was executed succesfully.
[09:51:30] [INFO]: Starting Job number 22: JOIN JOB
[09:51:30] [INFO]: The job was executed succesfully.
[09:51:30] [INFO]: Starting Job number 23: MERGE JOB
[09:51:30] [INFO]: The job was executed succesfully.
[09:51:30] [INFO]: Starting Job number 24: JOIN JOB
[09:51:31] [INFO]: The job was executed succesfully.
[09:51:31] [INFO]: Starting Job number 25: MERGE JOB
[09:51:31] [INFO]: The job was executed succesfully.
[09:51:31] [INFO]: Starting Job number 26: JOIN JOB
[09:51:31] [INFO]: The job was executed succesfully.
[09:51:31] [INFO]: Starting Job number 27: MERGE JOB
[09:51:31] [INFO]: The job was executed succesfully.
[09:51:31] [INFO]: Starting Job number 28: MERGE JOB
[09:51:31] [INFO]: The job was executed succesfully.
[09:51:31] [INFO]: Starting Job number 29: JOIN JOB
[09:51:31] [INFO]: The job was executed succesfully.
[09:51:31] [INFO]: Starting Job number 30: MERGE JOB
[09:51:31] [INFO]: The job was executed succesfully.
[09:51:31] [INFO]: Starting Job number 31: JOIN JOB
[09:51:31] [INFO]: The job was executed succesfully.
[09:51:31] [INFO]: Starting Job number 32: FINALIZE JOB
[09:51:31] [INFO]: The job was executed succesfully.
[09:51:31] [INFO]: Starting Job number 33: DELETE JOB
[09:51:31] [INFO]: The job was executed succesfully.
[09:51:31] [INFO]: Starting Job number 34: DELETE JOB
[09:51:31] [INFO]: The job was executed succesfully.
[09:51:31] [INFO]: Starting Job number 35: FINALIZE JOB
[09:51:31] [INFO]: The job was executed succesfully.
[09:51:31] [INFO]: Starting Job number 36: DELETE JOB
[09:51:31] [INFO]: The job was executed succesfully.
[09:51:31] [INFO]: Starting Job number 37: DELETE JOB
[09:51:31] [INFO]: The job was executed succesfully.
[09:51:31] [INFO]: Starting Job number 38: FINALIZE JOB
[09:51:31] [INFO]: The job was executed succesfully.
[09:51:31] [INFO]: Starting Job number 39: DELETE JOB
[09:51:31] [INFO]: The job was executed succesfully.
[09:51:31] [INFO]: Starting Job number 40: FINALIZE JOB
[09:51:31] [INFO]: The job was executed succesfully.
[09:51:31] [INFO]: Starting Job number 41: DELETE JOB
[09:51:31] [INFO]: The job was executed succesfully.
[09:51:31] [INFO]: Starting Job number 42: DELETE JOB
[09:51:31] [INFO]: The job was executed succesfully.
[09:51:31] [INFO]: Starting Job number 43: FINALIZE JOB
[09:51:31] [INFO]: The job was executed succesfully.
[09:51:31] [INFO]: Starting Job number 44: DELETE JOB
[09:51:31] [INFO]: The job was executed succesfully.
[09:51:31] [INFO]: Starting Job number 45: FINALIZE JOB
[09:51:31] [INFO]: The job was executed succesfully.
[09:51:31] [INFO]: Starting Job number 46: DELETE JOB
[09:51:31] [INFO]: The job was executed succesfully.
[09:51:31] [INFO]: Starting Job number 47: DELETE JOB
[09:51:31] [INFO]: The job was executed succesfully.
[09:51:31] [INFO]: Starting Job number 48: FINALIZE JOB
[09:51:31] [INFO]: The job was executed succesfully.
[09:51:31] [INFO]: Starting Job number 49: DELETE JOB
[09:51:31] [INFO]: The job was executed succesfully.
[09:51:31] [INFO]: Starting Job number 50: FINALIZE JOB
[09:51:31] [INFO]: The job was executed succesfully.
[09:51:31] [INFO]: Starting Job number 51: DELETE JOB
[09:51:31] [INFO]: The job was executed succesfully.
[09:51:31] [INFO]: Starting Job number 52: DELETE JOB
[09:51:31] [INFO]: The job was executed succesfully.
[09:51:31] [INFO]: Starting Job number 53: FINALIZE JOB
[09:51:31] [INFO]: The job was executed succesfully.
[09:51:31] [INFO]: Starting Job number 54: DELETE JOB
[09:51:31] [INFO]: The job was executed succesfully.
[09:51:31] [INFO]: Starting Job number 55: FINALIZE JOB
[09:51:31] [INFO]: The job was executed succesfully.
[09:51:31] [INFO]: Starting Job number 56: DELETE JOB
[09:51:31] [INFO]: The job was executed succesfully.
[09:51:31] [INFO]: Starting Job number 57: DELETE JOB
[09:51:31] [INFO]: The job was executed succesfully.
[09:51:31] [INFO]: Starting Job number 58: DELETE JOB
[09:51:31] [INFO]: The job was executed succesfully.
[09:51:31] [INFO]: Starting Job number 59: DELETE JOB
[09:51:31] [INFO]: The job was executed succesfully.
[09:51:31] [INFO]: Starting Job number 60: FINALIZE JOB
[09:51:31] [INFO]: The job was executed succesfully.
[09:51:31] [INFO]: Starting Job number 61: DELETE JOB
[09:51:31] [INFO]: The job was executed succesfully.
[09:51:31] [INFO]: DONE! Merge succeeded
