**********************
* MERGE PROGRESS LOG *
**********************
[2024-06-03 13:07:32] [INFO]: starting DeltaProject merge for: C:\Users\DeLaCruyff\Documents\Automation\OPC\OPCUA UNIFIED\Unified\IM\HMI\I\0\Context.wrk\deltas\200
[2024-06-03 13:07:32] [WARNING]: Open optional file failed: C:\Users\DeLaCruyff\Documents\Automation\OPC\OPCUA UNIFIED\Unified\IM\HMI\I\0\Context.wrk\deltas\199\runtime.rdf
[2024-06-03 13:07:32] [WARNING]: Open optional file failed: C:\Users\DeLaCruyff\Documents\Automation\OPC\OPCUA UNIFIED\Unified\IM\HMI\I\0\Context.wrk\deltas\199\persistent.rdf
[2024-06-03 13:07:32] [WARNING]: Open optional file failed: C:\Users\DeLaCruyff\Documents\Automation\OPC\OPCUA UNIFIED\Unified\IM\HMI\I\0\Context.wrk\deltas\200\runtime.rdf
[2024-06-03 13:07:32] [WARNING]: Open optional file failed: C:\Users\DeLaCruyff\Documents\Automation\OPC\OPCUA UNIFIED\Unified\IM\HMI\I\0\Context.wrk\deltas\200\persistent.rdf
[2024-06-03 13:07:32] [INFO]: Starting Job number 1: COPY RESOURCE JOB
[2024-06-03 13:07:32] [INFO]: The job was executed succesfully.
[2024-06-03 13:07:32] [INFO]: Starting Job number 2: COPY RESOURCE JOB
[2024-06-03 13:07:32] [INFO]: The job was executed succesfully.
[2024-06-03 13:07:32] [INFO]: Starting Job number 3: COPY RESOURCE JOB
[2024-06-03 13:07:32] [INFO]: The job was executed succesfully.
[2024-06-03 13:07:32] [INFO]: Starting Job number 4: MERGE DELTA JOB
[2024-06-03 13:07:32] [INFO]: The job was executed succesfully.
[2024-06-03 13:07:32] [INFO]: Starting Job number 5: JOIN JOB
[2024-06-03 13:07:32] [INFO]: The job was executed succesfully.
[2024-06-03 13:07:32] [INFO]: Starting Job number 6: DELETE JOB
[2024-06-03 13:07:32] [INFO]: The job was executed succesfully.
[2024-06-03 13:07:32] [INFO]: Starting Job number 7: MERGE DELTA JOB
[2024-06-03 13:07:32] [INFO]: The job was executed succesfully.
[2024-06-03 13:07:32] [INFO]: Starting Job number 8: MERGE DELTA JOB
[2024-06-03 13:07:32] [INFO]: The job was executed succesfully.
[2024-06-03 13:07:32] [INFO]: Starting Job number 9: JOIN JOB
[2024-06-03 13:07:33] [INFO]: The job was executed succesfully.
[2024-06-03 13:07:33] [INFO]: Starting Job number 10: DELETE JOB
[2024-06-03 13:07:33] [INFO]: The job was executed succesfully.
[2024-06-03 13:07:33] [INFO]: Starting Job number 11: DELETE JOB
[2024-06-03 13:07:33] [INFO]: The job was executed succesfully.
[2024-06-03 13:07:33] [INFO]: Starting Job number 12: MERGE DELTA JOB
[2024-06-03 13:07:33] [INFO]: The job was executed succesfully.
[2024-06-03 13:07:33] [INFO]: Starting Job number 13: JOIN JOB
[2024-06-03 13:07:33] [INFO]: The job was executed succesfully.
[2024-06-03 13:07:33] [INFO]: Starting Job number 14: DELETE JOB
[2024-06-03 13:07:33] [INFO]: The job was executed succesfully.
[2024-06-03 13:07:33] [INFO]: Starting Job number 15: MERGE DELTA JOB
[2024-06-03 13:07:33] [INFO]: The job was executed succesfully.
[2024-06-03 13:07:33] [INFO]: Starting Job number 16: JOIN JOB
[2024-06-03 13:07:33] [INFO]: The job was executed succesfully.
[2024-06-03 13:07:33] [INFO]: Starting Job number 17: DELETE JOB
[2024-06-03 13:07:33] [INFO]: The job was executed succesfully.
[2024-06-03 13:07:33] [INFO]: Starting Job number 18: MERGE DELTA JOB
[2024-06-03 13:07:33] [INFO]: The job was executed succesfully.
[2024-06-03 13:07:33] [INFO]: Starting Job number 19: JOIN JOB
[2024-06-03 13:07:33] [INFO]: The job was executed succesfully.
[2024-06-03 13:07:33] [INFO]: Starting Job number 20: DELETE JOB
[2024-06-03 13:07:33] [INFO]: The job was executed succesfully.
[2024-06-03 13:07:33] [INFO]: Starting Job number 21: MERGE ADD JOB
[2024-06-03 13:07:33] [INFO]: The job was executed succesfully.
[2024-06-03 13:07:33] [INFO]: Starting Job number 22: MERGE ADD JOB
[2024-06-03 13:07:33] [INFO]: The job was executed succesfully.
[2024-06-03 13:07:33] [INFO]: Starting Job number 23: MERGE ADD JOB
[2024-06-03 13:07:33] [INFO]: The job was executed succesfully.
[2024-06-03 13:07:33] [INFO]: Starting Job number 24: MERGE DELTA JOB
[2024-06-03 13:07:33] [INFO]: The job was executed succesfully.
[2024-06-03 13:07:33] [INFO]: Starting Job number 25: MERGE DELTA JOB
[2024-06-03 13:07:33] [INFO]: The job was executed succesfully.
[2024-06-03 13:07:33] [INFO]: Starting Job number 26: JOIN JOB
[2024-06-03 13:07:33] [INFO]: The job was executed succesfully.
[2024-06-03 13:07:33] [INFO]: Starting Job number 27: DELETE JOB
[2024-06-03 13:07:33] [INFO]: The job was executed succesfully.
[2024-06-03 13:07:33] [INFO]: Starting Job number 28: DELETE JOB
[2024-06-03 13:07:33] [INFO]: The job was executed succesfully.
[2024-06-03 13:07:33] [INFO]: Starting Job number 29: DELETE JOB
[2024-06-03 13:07:33] [INFO]: The job was executed succesfully.
[2024-06-03 13:07:33] [INFO]: DONE! Rdf delta project merge succeed!
[2024-06-03 13:07:33] [WARNING]: Attempt number: 1. Removing the directory C:\Users\DeLaCruyff\Documents\Automation\OPC\OPCUA UNIFIED\Unified\IM\HMI\I\0\Context.wrk\deltas\200\config failed! Reason: File permission denied
[2024-06-03 13:07:33] [WARNING]: Attempt number: 2. Removing the directory C:\Users\DeLaCruyff\Documents\Automation\OPC\OPCUA UNIFIED\Unified\IM\HMI\I\0\Context.wrk\deltas\200\config failed! Reason: File permission denied
[2024-06-03 13:07:33] [ERROR]: Attempt number: 3. Removing the directory C:\Users\DeLaCruyff\Documents\Automation\OPC\OPCUA UNIFIED\Unified\IM\HMI\I\0\Context.wrk\deltas\200\config failed 3 times. Reason: File permission denied Giving up retrying...
[2024-06-03 13:07:33] [WARNING]: Attempt number: 1. Removing the directory C:\Users\DeLaCruyff\Documents\Automation\OPC\OPCUA UNIFIED\Unified\IM\HMI\I\0\Context.wrk\deltas\200\screens failed! Reason: File permission denied
[2024-06-03 13:07:33] [WARNING]: Attempt number: 2. Removing the directory C:\Users\DeLaCruyff\Documents\Automation\OPC\OPCUA UNIFIED\Unified\IM\HMI\I\0\Context.wrk\deltas\200\screens failed! Reason: File permission denied
[2024-06-03 13:07:33] [ERROR]: Attempt number: 3. Removing the directory C:\Users\DeLaCruyff\Documents\Automation\OPC\OPCUA UNIFIED\Unified\IM\HMI\I\0\Context.wrk\deltas\200\screens failed 3 times. Reason: File permission denied Giving up retrying...
