**********************
* MERGE PROGRESS LOG *
**********************
[2024-01-07 19:05:28] [INFO]: Starting merge for Project: C:\Users\Ruben Biset\Documents\Automation\Proyecto1\ITALTECH_1200\IM\HMI\I\0\Context.wrk
[2024-01-07 19:05:28] [INFO]: Setting up Full Project Merge...
[2024-01-07 19:05:28] [WARNING]: Open optional file failed: C:\Users\Ruben Biset\Documents\Automation\Proyecto1\ITALTECH_1200\IM\HMI\I\0\Context.wrk\system\runtime.rdf
[2024-01-07 19:05:28] [WARNING]: Open optional file failed: C:\Users\Ruben Biset\Documents\Automation\Proyecto1\ITALTECH_1200\IM\HMI\I\0\Context.wrk\system\persistent.rdf
[2024-01-07 19:05:28] [WARNING]: Open optional file failed: C:\Users\Ruben Biset\Documents\Automation\Proyecto1\ITALTECH_1200\IM\HMI\I\0\Context.wrk\deltas\18\runtime.rdf
[2024-01-07 19:05:28] [WARNING]: Open optional file failed: C:\Users\Ruben Biset\Documents\Automation\Proyecto1\ITALTECH_1200\IM\HMI\I\0\Context.wrk\deltas\18\persistent.rdf
[2024-01-07 19:05:28] [INFO]: Number of Jobs to execute: 57
[2024-01-07 19:05:28] [INFO]: Starting Job number 1: MERGE JOB
[2024-01-07 19:05:28] [INFO]: The job was executed succesfully.
[2024-01-07 19:05:28] [INFO]: Starting Job number 2: MERGE JOB
[2024-01-07 19:05:28] [INFO]: The job was executed succesfully.
[2024-01-07 19:05:28] [INFO]: Starting Job number 3: MERGE JOB
[2024-01-07 19:05:28] [INFO]: The job was executed succesfully.
[2024-01-07 19:05:28] [INFO]: Starting Job number 4: MERGE JOB
[2024-01-07 19:05:28] [INFO]: The job was executed succesfully.
[2024-01-07 19:05:28] [INFO]: Starting Job number 5: MERGE JOB
[2024-01-07 19:05:28] [INFO]: The job was executed succesfully.
[2024-01-07 19:05:28] [INFO]: Starting Job number 6: MERGE JOB
[2024-01-07 19:05:28] [INFO]: The job was executed succesfully.
[2024-01-07 19:05:28] [INFO]: Starting Job number 7: MERGE JOB
[2024-01-07 19:05:28] [INFO]: The job was executed succesfully.
[2024-01-07 19:05:28] [INFO]: Starting Job number 8: JOIN JOB
[2024-01-07 19:05:28] [INFO]: The job was executed succesfully.
[2024-01-07 19:05:28] [INFO]: Starting Job number 9: FINALIZE JOB
[2024-01-07 19:05:28] [INFO]: The job was executed succesfully.
[2024-01-07 19:05:28] [INFO]: Starting Job number 10: DELETE JOB
[2024-01-07 19:05:28] [INFO]: The job was executed succesfully.
[2024-01-07 19:05:28] [INFO]: Starting Job number 11: DELETE JOB
[2024-01-07 19:05:28] [INFO]: The job was executed succesfully.
[2024-01-07 19:05:28] [INFO]: Starting Job number 12: DELETE JOB
[2024-01-07 19:05:28] [INFO]: The job was executed succesfully.
[2024-01-07 19:05:28] [INFO]: Starting Job number 13: DELETE JOB
[2024-01-07 19:05:28] [INFO]: The job was executed succesfully.
[2024-01-07 19:05:28] [INFO]: Starting Job number 14: DELETE JOB
[2024-01-07 19:05:28] [INFO]: The job was executed succesfully.
[2024-01-07 19:05:28] [INFO]: Starting Job number 15: DELETE JOB
[2024-01-07 19:05:28] [INFO]: The job was executed succesfully.
[2024-01-07 19:05:28] [INFO]: Starting Job number 16: DELETE JOB
[2024-01-07 19:05:28] [INFO]: The job was executed succesfully.
[2024-01-07 19:05:28] [INFO]: Starting Job number 17: MERGE JOB
[2024-01-07 19:05:28] [INFO]: The job was executed succesfully.
[2024-01-07 19:05:28] [INFO]: Starting Job number 18: MERGE JOB
[2024-01-07 19:05:28] [INFO]: The job was executed succesfully.
[2024-01-07 19:05:28] [INFO]: Starting Job number 19: MERGE JOB
[2024-01-07 19:05:28] [INFO]: The job was executed succesfully.
[2024-01-07 19:05:28] [INFO]: Starting Job number 20: MERGE JOB
[2024-01-07 19:05:28] [INFO]: The job was executed succesfully.
[2024-01-07 19:05:28] [INFO]: Starting Job number 21: JOIN JOB
[2024-01-07 19:05:28] [INFO]: The job was executed succesfully.
[2024-01-07 19:05:28] [INFO]: Starting Job number 22: MERGE JOB
[2024-01-07 19:05:28] [INFO]: The job was executed succesfully.
[2024-01-07 19:05:28] [INFO]: Starting Job number 23: JOIN JOB
[2024-01-07 19:05:28] [INFO]: The job was executed succesfully.
[2024-01-07 19:05:28] [INFO]: Starting Job number 24: MERGE JOB
[2024-01-07 19:05:28] [INFO]: The job was executed succesfully.
[2024-01-07 19:05:28] [INFO]: Starting Job number 25: MERGE JOB
[2024-01-07 19:05:28] [INFO]: The job was executed succesfully.
[2024-01-07 19:05:28] [INFO]: Starting Job number 26: JOIN JOB
[2024-01-07 19:05:28] [INFO]: The job was executed succesfully.
[2024-01-07 19:05:28] [INFO]: Starting Job number 27: MERGE JOB
[2024-01-07 19:05:28] [INFO]: The job was executed succesfully.
[2024-01-07 19:05:28] [INFO]: Starting Job number 28: MERGE JOB
[2024-01-07 19:05:28] [INFO]: The job was executed succesfully.
[2024-01-07 19:05:28] [INFO]: Starting Job number 29: JOIN JOB
[2024-01-07 19:05:28] [INFO]: The job was executed succesfully.
[2024-01-07 19:05:28] [INFO]: Starting Job number 30: MERGE JOB
[2024-01-07 19:05:28] [INFO]: The job was executed succesfully.
[2024-01-07 19:05:28] [INFO]: Starting Job number 31: JOIN JOB
[2024-01-07 19:05:28] [INFO]: The job was executed succesfully.
[2024-01-07 19:05:28] [INFO]: Starting Job number 32: MERGE JOB
[2024-01-07 19:05:28] [INFO]: The job was executed succesfully.
[2024-01-07 19:05:28] [INFO]: Starting Job number 33: MERGE JOB
[2024-01-07 19:05:28] [INFO]: The job was executed succesfully.
[2024-01-07 19:05:28] [INFO]: Starting Job number 34: JOIN JOB
[2024-01-07 19:05:28] [INFO]: The job was executed succesfully.
[2024-01-07 19:05:28] [INFO]: Starting Job number 35: MERGE JOB
[2024-01-07 19:05:28] [INFO]: The job was executed succesfully.
[2024-01-07 19:05:28] [INFO]: Starting Job number 36: JOIN JOB
[2024-01-07 19:05:28] [INFO]: The job was executed succesfully.
[2024-01-07 19:05:28] [INFO]: Starting Job number 37: FINALIZE JOB
[2024-01-07 19:05:28] [INFO]: The job was executed succesfully.
[2024-01-07 19:05:28] [INFO]: Starting Job number 38: DELETE JOB
[2024-01-07 19:05:28] [INFO]: The job was executed succesfully.
[2024-01-07 19:05:28] [INFO]: Starting Job number 39: DELETE JOB
[2024-01-07 19:05:28] [INFO]: The job was executed succesfully.
[2024-01-07 19:05:28] [INFO]: Starting Job number 40: FINALIZE JOB
[2024-01-07 19:05:28] [INFO]: The job was executed succesfully.
[2024-01-07 19:05:28] [INFO]: Starting Job number 41: DELETE JOB
[2024-01-07 19:05:28] [INFO]: The job was executed succesfully.
[2024-01-07 19:05:28] [INFO]: Starting Job number 42: DELETE JOB
[2024-01-07 19:05:28] [INFO]: The job was executed succesfully.
[2024-01-07 19:05:28] [INFO]: Starting Job number 43: FINALIZE JOB
[2024-01-07 19:05:28] [INFO]: The job was executed succesfully.
[2024-01-07 19:05:28] [INFO]: Starting Job number 44: DELETE JOB
[2024-01-07 19:05:28] [INFO]: The job was executed succesfully.
[2024-01-07 19:05:28] [INFO]: Starting Job number 45: DELETE JOB
[2024-01-07 19:05:28] [INFO]: The job was executed succesfully.
[2024-01-07 19:05:28] [INFO]: Starting Job number 46: FINALIZE JOB
[2024-01-07 19:05:28] [INFO]: The job was executed succesfully.
[2024-01-07 19:05:28] [INFO]: Starting Job number 47: DELETE JOB
[2024-01-07 19:05:28] [INFO]: The job was executed succesfully.
[2024-01-07 19:05:28] [INFO]: Starting Job number 48: DELETE JOB
[2024-01-07 19:05:28] [INFO]: The job was executed succesfully.
[2024-01-07 19:05:28] [INFO]: Starting Job number 49: FINALIZE JOB
[2024-01-07 19:05:28] [INFO]: The job was executed succesfully.
[2024-01-07 19:05:28] [INFO]: Starting Job number 50: DELETE JOB
[2024-01-07 19:05:29] [INFO]: The job was executed succesfully.
[2024-01-07 19:05:29] [INFO]: Starting Job number 51: FINALIZE JOB
[2024-01-07 19:05:29] [INFO]: The job was executed succesfully.
[2024-01-07 19:05:29] [INFO]: Starting Job number 52: DELETE JOB
[2024-01-07 19:05:29] [INFO]: The job was executed succesfully.
[2024-01-07 19:05:29] [INFO]: Starting Job number 53: DELETE JOB
[2024-01-07 19:05:29] [INFO]: The job was executed succesfully.
[2024-01-07 19:05:29] [INFO]: Starting Job number 54: DELETE JOB
[2024-01-07 19:05:29] [INFO]: The job was executed succesfully.
[2024-01-07 19:05:29] [INFO]: Starting Job number 55: DELETE JOB
[2024-01-07 19:05:29] [INFO]: The job was executed succesfully.
[2024-01-07 19:05:29] [INFO]: Starting Job number 56: FINALIZE JOB
[2024-01-07 19:05:29] [INFO]: The job was executed succesfully.
[2024-01-07 19:05:29] [INFO]: Starting Job number 57: DELETE JOB
[2024-01-07 19:05:29] [INFO]: The job was executed succesfully.
[2024-01-07 19:05:29] [INFO]: DONE! Merge succeeded
