**********************
* MERGE PROGRESS LOG *
**********************
[2024-01-16 09:06:37] [INFO]: Starting merge for Project: C:\Users\DeLaCruyff\Documents\Automation\AB\ExcelUnified\IM\HMI\I\0\Context.wrk
[2024-01-16 09:06:37] [INFO]: Setting up Full Project Merge...
[2024-01-16 09:06:37] [WARNING]: Open optional file failed: C:\Users\DeLaCruyff\Documents\Automation\AB\ExcelUnified\IM\HMI\I\0\Context.wrk\system\runtime.rdf
[2024-01-16 09:06:37] [WARNING]: Open optional file failed: C:\Users\DeLaCruyff\Documents\Automation\AB\ExcelUnified\IM\HMI\I\0\Context.wrk\system\persistent.rdf
[2024-01-16 09:06:37] [WARNING]: Open optional file failed: C:\Users\DeLaCruyff\Documents\Automation\AB\ExcelUnified\IM\HMI\I\0\Context.wrk\deltas\4\runtime.rdf
[2024-01-16 09:06:37] [WARNING]: Open optional file failed: C:\Users\DeLaCruyff\Documents\Automation\AB\ExcelUnified\IM\HMI\I\0\Context.wrk\deltas\4\persistent.rdf
[2024-01-16 09:06:37] [INFO]: Number of Jobs to execute: 27
[2024-01-16 09:06:37] [INFO]: Starting Job number 1: MERGE JOB
[2024-01-16 09:06:37] [INFO]: The job was executed succesfully.
[2024-01-16 09:06:37] [INFO]: Starting Job number 2: MERGE JOB
[2024-01-16 09:06:37] [INFO]: The job was executed succesfully.
[2024-01-16 09:06:37] [INFO]: Starting Job number 3: MERGE JOB
[2024-01-16 09:06:37] [INFO]: The job was executed succesfully.
[2024-01-16 09:06:37] [INFO]: Starting Job number 4: JOIN JOB
[2024-01-16 09:06:37] [INFO]: The job was executed succesfully.
[2024-01-16 09:06:37] [INFO]: Starting Job number 5: MERGE JOB
[2024-01-16 09:06:37] [INFO]: The job was executed succesfully.
[2024-01-16 09:06:37] [INFO]: Starting Job number 6: JOIN JOB
[2024-01-16 09:06:37] [INFO]: The job was executed succesfully.
[2024-01-16 09:06:37] [INFO]: Starting Job number 7: MERGE JOB
[2024-01-16 09:06:37] [INFO]: The job was executed succesfully.
[2024-01-16 09:06:37] [INFO]: Starting Job number 8: JOIN JOB
[2024-01-16 09:06:37] [INFO]: The job was executed succesfully.
[2024-01-16 09:06:37] [INFO]: Starting Job number 9: MERGE JOB
[2024-01-16 09:06:37] [INFO]: The job was executed succesfully.
[2024-01-16 09:06:37] [INFO]: Starting Job number 10: MERGE JOB
[2024-01-16 09:06:37] [INFO]: The job was executed succesfully.
[2024-01-16 09:06:37] [INFO]: Starting Job number 11: JOIN JOB
[2024-01-16 09:06:37] [INFO]: The job was executed succesfully.
[2024-01-16 09:06:37] [INFO]: Starting Job number 12: MERGE JOB
[2024-01-16 09:06:37] [INFO]: The job was executed succesfully.
[2024-01-16 09:06:37] [INFO]: Starting Job number 13: JOIN JOB
[2024-01-16 09:06:37] [INFO]: The job was executed succesfully.
[2024-01-16 09:06:37] [INFO]: Starting Job number 14: FINALIZE JOB
[2024-01-16 09:06:37] [INFO]: The job was executed succesfully.
[2024-01-16 09:06:37] [INFO]: Starting Job number 15: DELETE JOB
[2024-01-16 09:06:37] [INFO]: The job was executed succesfully.
[2024-01-16 09:06:37] [INFO]: Starting Job number 16: DELETE JOB
[2024-01-16 09:06:37] [INFO]: The job was executed succesfully.
[2024-01-16 09:06:37] [INFO]: Starting Job number 17: FINALIZE JOB
[2024-01-16 09:06:37] [INFO]: The job was executed succesfully.
[2024-01-16 09:06:37] [INFO]: Starting Job number 18: DELETE JOB
[2024-01-16 09:06:37] [INFO]: The job was executed succesfully.
[2024-01-16 09:06:37] [INFO]: Starting Job number 19: DELETE JOB
[2024-01-16 09:06:37] [INFO]: The job was executed succesfully.
[2024-01-16 09:06:37] [INFO]: Starting Job number 20: FINALIZE JOB
[2024-01-16 09:06:37] [INFO]: The job was executed succesfully.
[2024-01-16 09:06:37] [INFO]: Starting Job number 21: DELETE JOB
[2024-01-16 09:06:37] [INFO]: The job was executed succesfully.
[2024-01-16 09:06:37] [INFO]: Starting Job number 22: FINALIZE JOB
[2024-01-16 09:06:37] [INFO]: The job was executed succesfully.
[2024-01-16 09:06:37] [INFO]: Starting Job number 23: DELETE JOB
[2024-01-16 09:06:37] [INFO]: The job was executed succesfully.
[2024-01-16 09:06:37] [INFO]: Starting Job number 24: DELETE JOB
[2024-01-16 09:06:37] [INFO]: The job was executed succesfully.
[2024-01-16 09:06:37] [INFO]: Starting Job number 25: DELETE JOB
[2024-01-16 09:06:37] [INFO]: The job was executed succesfully.
[2024-01-16 09:06:37] [INFO]: Starting Job number 26: FINALIZE JOB
[2024-01-16 09:06:37] [INFO]: The job was executed succesfully.
[2024-01-16 09:06:37] [INFO]: Starting Job number 27: DELETE JOB
[2024-01-16 09:06:37] [INFO]: The job was executed succesfully.
[2024-01-16 09:06:37] [INFO]: DONE! Merge succeeded
